Removing /home/tj/LFS/stable folder...
removed '/home/tj/LFS/stable/LFS-BOOK-8.1.pdf'
removed '/home/tj/LFS/stable/LFS-BOOK-8.1-NOCHUNKS.html'
removed '/home/tj/LFS/stable/md5sums'
removed '/home/tj/LFS/stable/sources/mpfr-3.1.5.tar.xz'
removed '/home/tj/LFS/stable/sources/bash-4.4-upstream_fixes-1.patch'
removed '/home/tj/LFS/stable/sources/findutils-4.6.0.tar.gz'
removed '/home/tj/LFS/stable/sources/iana-etc-2.30.tar.bz2'
removed '/home/tj/LFS/stable/sources/coreutils-8.27.tar.xz'
removed '/home/tj/LFS/stable/sources/flex-2.6.4.tar.gz'
removed '/home/tj/LFS/stable/sources/man-db-2.7.6.1.tar.xz'
removed '/home/tj/LFS/stable/sources/man-pages-4.12.tar.xz'
removed '/home/tj/LFS/stable/sources/expect5.45.tar.gz'
removed '/home/tj/LFS/stable/sources/coreutils-8.27-i18n-1.patch'
removed '/home/tj/LFS/stable/sources/kmod-24.tar.xz'
removed '/home/tj/LFS/stable/sources/sed-4.4.tar.xz'
removed '/home/tj/LFS/stable/sources/bash-4.4.tar.gz'
removed '/home/tj/LFS/stable/sources/dejagnu-1.6.tar.gz'
removed '/home/tj/LFS/stable/sources/tzdata2017b.tar.gz'
removed '/home/tj/LFS/stable/sources/sysvinit-2.88dsf-consolidated-1.patch'
removed '/home/tj/LFS/stable/sources/acl-2.2.52.src.tar.gz'
removed '/home/tj/LFS/stable/sources/gettext-0.19.8.1.tar.xz'
removed '/home/tj/LFS/stable/sources/eudev-3.2.2.tar.gz'
removed '/home/tj/LFS/stable/sources/vim-8.0.586.tar.bz2'
removed '/home/tj/LFS/stable/sources/gawk-4.1.4.tar.xz'
removed '/home/tj/LFS/stable/sources/kbd-2.0.4-backspace-1.patch'
removed '/home/tj/LFS/stable/sources/procps-ng-3.3.12.tar.xz'
removed '/home/tj/LFS/stable/sources/gdbm-1.13.tar.gz'
removed '/home/tj/LFS/stable/sources/dbus-1.10.22.tar.gz'
removed '/home/tj/LFS/stable/sources/gperf-3.1.tar.gz'
removed '/home/tj/LFS/stable/sources/automake-1.15.1.tar.xz'
removed '/home/tj/LFS/stable/sources/e2fsprogs-1.43.5.tar.gz'
removed '/home/tj/LFS/stable/sources/sysvinit-2.88dsf.tar.bz2'
removed '/home/tj/LFS/stable/sources/autoconf-2.69.tar.xz'
removed '/home/tj/LFS/stable/sources/intltool-0.51.0.tar.gz'
removed '/home/tj/LFS/stable/sources/perl-5.26.0.tar.xz'
removed '/home/tj/LFS/stable/sources/glibc-2.26-fhs-1.patch'
removed '/home/tj/LFS/stable/sources/readline-7.0.tar.gz'
removed '/home/tj/LFS/stable/sources/udev-lfs-20140408.tar.bz2'
removed '/home/tj/LFS/stable/sources/glibc-2.26.tar.xz'
removed '/home/tj/LFS/stable/sources/bzip2-1.0.6.tar.gz'
removed '/home/tj/LFS/stable/sources/libpipeline-1.4.2.tar.gz'
removed '/home/tj/LFS/stable/sources/grep-3.1.tar.xz'
removed '/home/tj/LFS/stable/sources/make-4.2.1.tar.bz2'
removed '/home/tj/LFS/stable/sources/patch-2.7.5.tar.xz'
removed '/home/tj/LFS/stable/sources/bc-1.07.1.tar.gz'
removed '/home/tj/LFS/stable/sources/inetutils-1.9.4.tar.xz'
removed '/home/tj/LFS/stable/sources/groff-1.22.3.tar.gz'
removed '/home/tj/LFS/stable/sources/iproute2-4.12.0.tar.xz'
removed '/home/tj/LFS/stable/sources/attr-2.4.47.src.tar.gz'
removed '/home/tj/LFS/stable/sources/texinfo-6.4.tar.xz'
removed '/home/tj/LFS/stable/sources/file-5.31.tar.gz'
removed '/home/tj/LFS/stable/sources/less-487.tar.gz'
removed '/home/tj/LFS/stable/sources/shadow-4.5.tar.xz'
removed '/home/tj/LFS/stable/sources/XML-Parser-2.44.tar.gz'
removed '/home/tj/LFS/stable/sources/diffutils-3.6.tar.xz'
removed '/home/tj/LFS/stable/sources/tcl-core8.6.7-src.tar.gz'
removed '/home/tj/LFS/stable/sources/expat-2.2.3.tar.bz2'
removed '/home/tj/LFS/stable/sources/psmisc-23.1.tar.xz'
removed '/home/tj/LFS/stable/sources/gcc-7.2.0.tar.xz'
removed '/home/tj/LFS/stable/sources/sysklogd-1.5.1.tar.gz'
removed '/home/tj/LFS/stable/sources/kbd-2.0.4.tar.xz'
removed '/home/tj/LFS/stable/sources/tar-1.29.tar.xz'
removed '/home/tj/LFS/stable/sources/grub-2.02.tar.xz'
removed '/home/tj/LFS/stable/sources/bison-3.0.4.tar.xz'
removed '/home/tj/LFS/stable/sources/binutils-2.29.tar.bz2'
removed '/home/tj/LFS/stable/sources/mpc-1.0.3.tar.gz'
removed '/home/tj/LFS/stable/sources/libcap-2.25.tar.xz'
removed '/home/tj/LFS/stable/sources/m4-1.4.18.tar.xz'
removed '/home/tj/LFS/stable/sources/util-linux-2.30.1.tar.xz'
removed '/home/tj/LFS/stable/sources/systemd-234-lfs.tar.xz'
removed '/home/tj/LFS/stable/sources/bzip2-1.0.6-install_docs-1.patch'
removed '/home/tj/LFS/stable/sources/pkg-config-0.29.2.tar.gz'
removed '/home/tj/LFS/stable/sources/lfs-bootscripts-20170626.tar.bz2'
removed '/home/tj/LFS/stable/sources/xz-5.2.3.tar.xz'
removed '/home/tj/LFS/stable/sources/gmp-6.1.2.tar.xz'
removed '/home/tj/LFS/stable/sources/check-0.11.0.tar.gz'
removed '/home/tj/LFS/stable/sources/linux-4.12.7.tar.xz'
removed '/home/tj/LFS/stable/sources/libtool-2.4.6.tar.xz'
removed '/home/tj/LFS/stable/sources/gzip-1.8.tar.xz'
removed '/home/tj/LFS/stable/sources/zlib-1.2.11.tar.xz'
removed '/home/tj/LFS/stable/sources/ncurses-6.0.tar.gz'
removed directory '/home/tj/LFS/stable/sources'
removed '/home/tj/LFS/stable/wget-list'
removed '/home/tj/LFS/stable/LFS-BOOK-8.1.tar.bz2'
removed '/home/tj/LFS/stable/lfs-bootscripts-20170626.tar.bz2'
removed directory '/home/tj/LFS/stable'
Making /home/tj/LFS/stable directory...
mkdir: created directory '/home/tj/LFS/stable'
Downloading files...
--2017-11-21 17:13:44--  http://www.linuxfromscratch.org/lfs/downloads/stable/
Resolving www.linuxfromscratch.org (www.linuxfromscratch.org)... 192.155.86.174, 2600:3c01::f03c:91ff:fe70:25e8
Connecting to www.linuxfromscratch.org (www.linuxfromscratch.org)|192.155.86.174|:80... connected.
HTTP request sent, awaiting response... 200 OK
Length: 2012 (2.0K) [text/html]
Saving to: ‘index.html.tmp’

     0K .                                                     100% 1.02M=0.002s

2017-11-21 17:13:44 (1.02 MB/s) - ‘index.html.tmp’ saved [2012/2012]

Loading robots.txt; please ignore errors.
--2017-11-21 17:13:44--  http://www.linuxfromscratch.org/robots.txt
Reusing existing connection to www.linuxfromscratch.org:80.
HTTP request sent, awaiting response... 404 Not Found
2017-11-21 17:13:45 ERROR 404: Not Found.

Removing index.html.tmp since it should be rejected.

--2017-11-21 17:13:45--  http://www.linuxfromscratch.org/lfs/downloads/stable/?C=N;O=D
Reusing existing connection to www.linuxfromscratch.org:80.
HTTP request sent, awaiting response... 200 OK
Length: 2012 (2.0K) [text/html]
Saving to: ‘index.html?C=N;O=D.tmp’

     0K .                                                     100%  101M=0s

2017-11-21 17:13:45 (101 MB/s) - ‘index.html?C=N;O=D.tmp’ saved [2012/2012]

Removing index.html?C=N;O=D.tmp since it should be rejected.

--2017-11-21 17:13:45--  http://www.linuxfromscratch.org/lfs/downloads/stable/?C=M;O=A
Reusing existing connection to www.linuxfromscratch.org:80.
HTTP request sent, awaiting response... 200 OK
Length: 2012 (2.0K) [text/html]
Saving to: ‘index.html?C=M;O=A.tmp’

     0K .                                                     100%  218M=0s

2017-11-21 17:13:45 (218 MB/s) - ‘index.html?C=M;O=A.tmp’ saved [2012/2012]

Removing index.html?C=M;O=A.tmp since it should be rejected.

--2017-11-21 17:13:45--  http://www.linuxfromscratch.org/lfs/downloads/stable/?C=S;O=A
Reusing existing connection to www.linuxfromscratch.org:80.
HTTP request sent, awaiting response... 200 OK
Length: 2012 (2.0K) [text/html]
Saving to: ‘index.html?C=S;O=A.tmp’

     0K .                                                     100% 73.0M=0s

2017-11-21 17:13:45 (73.0 MB/s) - ‘index.html?C=S;O=A.tmp’ saved [2012/2012]

Removing index.html?C=S;O=A.tmp since it should be rejected.

--2017-11-21 17:13:45--  http://www.linuxfromscratch.org/lfs/downloads/stable/?C=D;O=A
Reusing existing connection to www.linuxfromscratch.org:80.
HTTP request sent, awaiting response... 200 OK
Length: 2012 (2.0K) [text/html]
Saving to: ‘index.html?C=D;O=A.tmp’

     0K .                                                     100%  381M=0s

2017-11-21 17:13:45 (381 MB/s) - ‘index.html?C=D;O=A.tmp’ saved [2012/2012]

Removing index.html?C=D;O=A.tmp since it should be rejected.

--2017-11-21 17:13:45--  http://www.linuxfromscratch.org/lfs/downloads/stable/LFS-BOOK-8.1-NOCHUNKS.html
Reusing existing connection to www.linuxfromscratch.org:80.
HTTP request sent, awaiting response... 200 OK
Length: 2126141 (2.0M) [text/html]
Saving to: ‘LFS-BOOK-8.1-NOCHUNKS.html’

     0K .......... .......... .......... .......... ..........  2%  308K 7s
    50K .......... .......... .......... .......... ..........  4%  559K 5s
   100K .......... .......... .......... .......... ..........  7%  595K 4s
   150K .......... .......... .......... .......... ..........  9% 1.13M 4s
   200K .......... .......... .......... .......... .......... 12%  916K 3s
   250K .......... .......... .......... .......... .......... 14%  607K 3s
   300K .......... .......... .......... .......... .......... 16%  663K 3s
   350K .......... .......... .......... .......... .......... 19%  668K 3s
   400K .......... .......... .......... .......... .......... 21%  998K 3s
   450K .......... .......... .......... .......... .......... 24% 1.20M 2s
   500K .......... .......... .......... .......... .......... 26%  647K 2s
   550K .......... .......... .......... .......... .......... 28%  776K 2s
   600K .......... .......... .......... .......... .......... 31% 2.37M 2s
   650K .......... .......... .......... .......... .......... 33%  645K 2s
   700K .......... .......... .......... .......... .......... 36% 2.19M 2s
   750K .......... .......... .......... .......... .......... 38%  829K 2s
   800K .......... .......... .......... .......... .......... 40%  709K 2s
   850K .......... .......... .......... .......... .......... 43% 3.53M 2s
   900K .......... .......... .......... .......... .......... 45%  691K 1s
   950K .......... .......... .......... .......... .......... 48% 4.80M 1s
  1000K .......... .......... .......... .......... .......... 50%  772K 1s
  1050K .......... .......... .......... .......... .......... 52% 2.88M 1s
  1100K .......... .......... .......... .......... .......... 55%  846K 1s
  1150K .......... .......... .......... .......... .......... 57% 2.81M 1s
  1200K .......... .......... .......... .......... .......... 60%  842K 1s
  1250K .......... .......... .......... .......... .......... 62% 2.67M 1s
  1300K .......... .......... .......... .......... .......... 65%  808K 1s
  1350K .......... .......... .......... .......... .......... 67% 2.35M 1s
  1400K .......... .......... .......... .......... .......... 69% 1.44M 1s
  1450K .......... .......... .......... .......... .......... 72% 1020K 1s
  1500K .......... .......... .......... .......... .......... 74% 4.90M 1s
  1550K .......... .......... .......... .......... .......... 77%  965K 1s
  1600K .......... .......... .......... .......... .......... 79% 1.24M 0s
  1650K .......... .......... .......... .......... .......... 81% 4.68M 0s
  1700K .......... .......... .......... .......... .......... 84%  634K 0s
  1750K .......... .......... .......... .......... .......... 86% 3.10M 0s
  1800K .......... .......... .......... .......... .......... 89% 6.41M 0s
  1850K .......... .......... .......... .......... .......... 91%  861K 0s
  1900K .......... .......... .......... .......... .......... 93% 1.78M 0s
  1950K .......... .......... .......... .......... .......... 96% 2.57M 0s
  2000K .......... .......... .......... .......... .......... 98%  739K 0s
  2050K .......... .......... ......                          100% 3.20M=2.0s

2017-11-21 17:13:47 (1017 KB/s) - ‘LFS-BOOK-8.1-NOCHUNKS.html’ saved [2126141/2126141]

--2017-11-21 17:13:47--  http://www.linuxfromscratch.org/lfs/downloads/stable/LFS-BOOK-8.1.pdf
Reusing existing connection to www.linuxfromscratch.org:80.
HTTP request sent, awaiting response... 200 OK
Length: 1766028 (1.7M) [application/pdf]
Saving to: ‘LFS-BOOK-8.1.pdf’

     0K .......... .......... .......... .......... ..........  2% 3.38M 0s
    50K .......... .......... .......... .......... ..........  5% 11.2M 0s
   100K .......... .......... .......... .......... ..........  8% 1.97M 0s
   150K .......... .......... .......... .......... .......... 11%  747K 1s
   200K .......... .......... .......... .......... .......... 14% 2.21M 1s
   250K .......... .......... .......... .......... .......... 17%  733K 1s
   300K .......... .......... .......... .......... .......... 20% 10.2M 1s
   350K .......... .......... .......... .......... .......... 23% 4.62M 1s
   400K .......... .......... .......... .......... .......... 26%  536K 1s
   450K .......... .......... .......... .......... .......... 28% 6.10M 1s
   500K .......... .......... .......... .......... .......... 31% 15.8M 1s
   550K .......... .......... .......... .......... .......... 34%  670K 1s
   600K .......... .......... .......... .......... .......... 37% 3.97M 1s
   650K .......... .......... .......... .......... .......... 40% 3.84M 1s
   700K .......... .......... .......... .......... .......... 43% 5.74M 1s
   750K .......... .......... .......... .......... .......... 46% 1.01M 1s
   800K .......... .......... .......... .......... .......... 49% 2.31M 1s
   850K .......... .......... .......... .......... .......... 52% 5.59M 0s
   900K .......... .......... .......... .......... .......... 55% 1.62M 0s
   950K .......... .......... .......... .......... .......... 57% 1.35M 0s
  1000K .......... .......... .......... .......... .......... 60% 2.62M 0s
  1050K .......... .......... .......... .......... .......... 63% 4.74M 0s
  1100K .......... .......... .......... .......... .......... 66% 4.06M 0s
  1150K .......... .......... .......... .......... .......... 69% 1.10M 0s
  1200K .......... .......... .......... .......... .......... 72% 2.22M 0s
  1250K .......... .......... .......... .......... .......... 75% 2.49M 0s
  1300K .......... .......... .......... .......... .......... 78% 9.93M 0s
  1350K .......... .......... .......... .......... .......... 81%  560K 0s
  1400K .......... .......... .......... .......... .......... 84% 5.44M 0s
  1450K .......... .......... .......... .......... .......... 86% 4.30M 0s
  1500K .......... .......... .......... .......... .......... 89% 15.4M 0s
  1550K .......... .......... .......... .......... .......... 92% 1.00M 0s
  1600K .......... .......... .......... .......... .......... 95% 1.91M 0s
  1650K .......... .......... .......... .......... .......... 98% 3.82M 0s
  1700K .......... .......... ....                            100% 11.1M=0.9s

2017-11-21 17:13:48 (1.86 MB/s) - ‘LFS-BOOK-8.1.pdf’ saved [1766028/1766028]

--2017-11-21 17:13:48--  http://www.linuxfromscratch.org/lfs/downloads/stable/LFS-BOOK-8.1.tar.bz2
Reusing existing connection to www.linuxfromscratch.org:80.
HTTP request sent, awaiting response... 200 OK
Length: 219308 (214K) [application/x-bzip2]
Saving to: ‘LFS-BOOK-8.1.tar.bz2’

     0K .......... .......... .......... .......... .......... 23% 5.76M 0s
    50K .......... .......... .......... .......... .......... 46% 7.36M 0s
   100K .......... .......... .......... .......... .......... 70% 8.10M 0s
   150K .......... .......... .......... .......... .......... 93% 5.52M 0s
   200K .......... ....                                       100% 37.1M=0.03s

2017-11-21 17:13:48 (6.89 MB/s) - ‘LFS-BOOK-8.1.tar.bz2’ saved [219308/219308]

--2017-11-21 17:13:48--  http://www.linuxfromscratch.org/lfs/downloads/stable/lfs-bootscripts-20170626.tar.bz2
Reusing existing connection to www.linuxfromscratch.org:80.
HTTP request sent, awaiting response... 200 OK
Length: 31732 (31K) [application/x-bzip2]
Saving to: ‘lfs-bootscripts-20170626.tar.bz2’

     0K .......... .......... ..........                      100% 4.52M=0.007s

2017-11-21 17:13:48 (4.52 MB/s) - ‘lfs-bootscripts-20170626.tar.bz2’ saved [31732/31732]

--2017-11-21 17:13:48--  http://www.linuxfromscratch.org/lfs/downloads/stable/md5sums
Reusing existing connection to www.linuxfromscratch.org:80.
HTTP request sent, awaiting response... 200 OK
Length: 4171 (4.1K)
Saving to: ‘md5sums’

     0K ....                                                  100% 92.4M=0s

2017-11-21 17:13:48 (92.4 MB/s) - ‘md5sums’ saved [4171/4171]

--2017-11-21 17:13:48--  http://www.linuxfromscratch.org/lfs/downloads/stable/wget-list
Reusing existing connection to www.linuxfromscratch.org:80.
HTTP request sent, awaiting response... 200 OK
Length: 4704 (4.6K)
Saving to: ‘wget-list’

     0K ....                                                  100% 1.51M=0.003s

2017-11-21 17:13:48 (1.51 MB/s) - ‘wget-list’ saved [4704/4704]

--2017-11-21 17:13:48--  http://www.linuxfromscratch.org/lfs/downloads/stable/?C=N;O=A
Reusing existing connection to www.linuxfromscratch.org:80.
HTTP request sent, awaiting response... 200 OK
Length: 2012 (2.0K) [text/html]
Saving to: ‘index.html?C=N;O=A.tmp’

     0K .                                                     100% 74.8M=0s

2017-11-21 17:13:49 (74.8 MB/s) - ‘index.html?C=N;O=A.tmp’ saved [2012/2012]

Removing index.html?C=N;O=A.tmp since it should be rejected.

--2017-11-21 17:13:49--  http://www.linuxfromscratch.org/lfs/downloads/stable/?C=M;O=D
Reusing existing connection to www.linuxfromscratch.org:80.
HTTP request sent, awaiting response... 200 OK
Length: 2012 (2.0K) [text/html]
Saving to: ‘index.html?C=M;O=D.tmp’

     0K .                                                     100% 5.32M=0s

2017-11-21 17:13:49 (5.32 MB/s) - ‘index.html?C=M;O=D.tmp’ saved [2012/2012]

Removing index.html?C=M;O=D.tmp since it should be rejected.

--2017-11-21 17:13:49--  http://www.linuxfromscratch.org/lfs/downloads/stable/?C=S;O=D
Reusing existing connection to www.linuxfromscratch.org:80.
HTTP request sent, awaiting response... 200 OK
Length: 2012 (2.0K) [text/html]
Saving to: ‘index.html?C=S;O=D.tmp’

     0K .                                                     100% 85.9M=0s

2017-11-21 17:13:49 (85.9 MB/s) - ‘index.html?C=S;O=D.tmp’ saved [2012/2012]

Removing index.html?C=S;O=D.tmp since it should be rejected.

--2017-11-21 17:13:49--  http://www.linuxfromscratch.org/lfs/downloads/stable/?C=D;O=D
Reusing existing connection to www.linuxfromscratch.org:80.
HTTP request sent, awaiting response... 200 OK
Length: 2012 (2.0K) [text/html]
Saving to: ‘index.html?C=D;O=D.tmp’

     0K .                                                     100%  100M=0s

2017-11-21 17:13:49 (100 MB/s) - ‘index.html?C=D;O=D.tmp’ saved [2012/2012]

Removing index.html?C=D;O=D.tmp since it should be rejected.

FINISHED --2017-11-21 17:13:49--
Total wall clock time: 4.6s
Downloaded: 15 files, 4.0M in 3.0s (1.33 MB/s)
Making /home/tj/LFS/stable/sources directory...
mkdir: created directory '/home/tj/LFS/stable/sources'
Downloading LFS sources...
--2017-11-21 17:13:49--  http://download.savannah.gnu.org/releases/acl/acl-2.2.52.src.tar.gz
Resolving download.savannah.gnu.org (download.savannah.gnu.org)... 208.118.235.200
Connecting to download.savannah.gnu.org (download.savannah.gnu.org)|208.118.235.200|:80... connected.
HTTP request sent, awaiting response... 302 Moved Temporarily
Location: http://nongnu.askapache.com/acl/acl-2.2.52.src.tar.gz [following]
--2017-11-21 17:13:49--  http://nongnu.askapache.com/acl/acl-2.2.52.src.tar.gz
Resolving nongnu.askapache.com (nongnu.askapache.com)... 192.185.42.228
Connecting to nongnu.askapache.com (nongnu.askapache.com)|192.185.42.228|:80... connected.
HTTP request sent, awaiting response... 200 OK
Length: 386604 (378K) [application/x-gzip]
Saving to: ‘acl-2.2.52.src.tar.gz’

     0K .......... .......... .......... .......... .......... 13%  353K 1s
    50K .......... .......... .......... .......... .......... 26%  386K 1s
   100K .......... .......... .......... .......... .......... 39%  719K 1s
   150K .......... .......... .......... .......... .......... 52%  711K 0s
   200K .......... .......... .......... .......... .......... 66%  797K 0s
   250K .......... .......... .......... .......... .......... 79%  691K 0s
   300K .......... .......... .......... .......... .......... 92% 1.14M 0s
   350K .......... .......... .......                         100% 1.04M=0.6s

2017-11-21 17:13:50 (614 KB/s) - ‘acl-2.2.52.src.tar.gz’ saved [386604/386604]

--2017-11-21 17:13:50--  http://download.savannah.gnu.org/releases/attr/attr-2.4.47.src.tar.gz
Connecting to download.savannah.gnu.org (download.savannah.gnu.org)|208.118.235.200|:80... connected.
HTTP request sent, awaiting response... 302 Moved Temporarily
Location: http://savannah.spinellicreations.com/attr/attr-2.4.47.src.tar.gz [following]
--2017-11-21 17:13:50--  http://savannah.spinellicreations.com/attr/attr-2.4.47.src.tar.gz
Resolving savannah.spinellicreations.com (savannah.spinellicreations.com)... 72.88.94.11
Connecting to savannah.spinellicreations.com (savannah.spinellicreations.com)|72.88.94.11|:80... connected.
HTTP request sent, awaiting response... 200 OK
Length: 343692 (336K) [application/x-gzip]
Saving to: ‘attr-2.4.47.src.tar.gz’

     0K .......... .......... .......... .......... .......... 14%  554K 1s
    50K .......... .......... .......... .......... .......... 29%  419K 0s
   100K .......... .......... .......... .......... .......... 44% 1.07M 0s
   150K .......... .......... .......... .......... .......... 59% 1015K 0s
   200K .......... .......... .......... .......... .......... 74%  839K 0s
   250K .......... .......... .......... .......... .......... 89% 1.30M 0s
   300K .......... .......... .......... .....                100% 1.41M=0.4s

2017-11-21 17:13:51 (787 KB/s) - ‘attr-2.4.47.src.tar.gz’ saved [343692/343692]

--2017-11-21 17:13:51--  http://ftp.gnu.org/gnu/autoconf/autoconf-2.69.tar.xz
Resolving ftp.gnu.org (ftp.gnu.org)... 208.118.235.20, 2001:4830:134:3::b
Connecting to ftp.gnu.org (ftp.gnu.org)|208.118.235.20|:80... connected.
HTTP request sent, awaiting response... 200 OK
Length: 1214744 (1.2M) [application/x-tar]
Saving to: ‘autoconf-2.69.tar.xz’

     0K .......... .......... .......... .......... ..........  4%  460K 2s
    50K .......... .......... .......... .......... ..........  8%  985K 2s
   100K .......... .......... .......... .......... .......... 12% 4.06M 1s
   150K .......... .......... .......... .......... .......... 16% 9.04M 1s
   200K .......... .......... .......... .......... .......... 21%  881K 1s
   250K .......... .......... .......... .......... .......... 25% 4.96M 1s
   300K .......... .......... .......... .......... .......... 29% 4.55M 1s
   350K .......... .......... .......... .......... .......... 33% 2.53M 1s
   400K .......... .......... .......... .......... .......... 37% 2.43M 0s
   450K .......... .......... .......... .......... .......... 42% 14.4M 0s
   500K .......... .......... .......... .......... .......... 46% 4.24M 0s
   550K .......... .......... .......... .......... .......... 50% 5.68M 0s
   600K .......... .......... .......... .......... .......... 54% 5.13M 0s
   650K .......... .......... .......... .......... .......... 59% 1.88M 0s
   700K .......... .......... .......... .......... .......... 63% 2.98M 0s
   750K .......... .......... .......... .......... .......... 67% 4.80M 0s
   800K .......... .......... .......... .......... .......... 71% 4.81M 0s
   850K .......... .......... .......... .......... .......... 75% 15.3M 0s
   900K .......... .......... .......... .......... .......... 80% 10.1M 0s
   950K .......... .......... .......... .......... .......... 84% 2.21M 0s
  1000K .......... .......... .......... .......... .......... 88% 2.07M 0s
  1050K .......... .......... .......... .......... .......... 92% 9.26M 0s
  1100K .......... .......... .......... .......... .......... 96%  747K 0s
  1150K .......... .......... .......... ......               100% 17.9M=0.5s

2017-11-21 17:13:52 (2.24 MB/s) - ‘autoconf-2.69.tar.xz’ saved [1214744/1214744]

--2017-11-21 17:13:52--  http://ftp.gnu.org/gnu/automake/automake-1.15.1.tar.xz
Reusing existing connection to ftp.gnu.org:80.
HTTP request sent, awaiting response... 200 OK
Length: 1509496 (1.4M) [application/x-tar]
Saving to: ‘automake-1.15.1.tar.xz’

     0K .......... .......... .......... .......... ..........  3% 3.03M 0s
    50K .......... .......... .......... .......... ..........  6% 2.35M 1s
   100K .......... .......... .......... .......... .......... 10% 6.48M 0s
   150K .......... .......... .......... .......... .......... 13% 3.88M 0s
   200K .......... .......... .......... .......... .......... 16% 1.85M 0s
   250K .......... .......... .......... .......... .......... 20% 3.94M 0s
   300K .......... .......... .......... .......... .......... 23% 5.06M 0s
   350K .......... .......... .......... .......... .......... 27% 3.12M 0s
   400K .......... .......... .......... .......... .......... 30% 1.79M 0s
   450K .......... .......... .......... .......... .......... 33% 6.45M 0s
   500K .......... .......... .......... .......... .......... 37% 1.87M 0s
   550K .......... .......... .......... .......... .......... 40% 4.04M 0s
   600K .......... .......... .......... .......... .......... 44% 5.21M 0s
   650K .......... .......... .......... .......... .......... 47% 3.09M 0s
   700K .......... .......... .......... .......... .......... 50% 1.81M 0s
   750K .......... .......... .......... .......... .......... 54% 7.77M 0s
   800K .......... .......... .......... .......... .......... 57% 3.75M 0s
   850K .......... .......... .......... .......... .......... 61% 3.20M 0s
   900K .......... .......... .......... .......... .......... 64% 2.01M 0s
   950K .......... .......... .......... .......... .......... 67% 13.7M 0s
  1000K .......... .......... .......... .......... .......... 71% 1.38M 0s
  1050K .......... .......... .......... .......... .......... 74% 6.49M 0s
  1100K .......... .......... .......... .......... .......... 78% 3.18M 0s
  1150K .......... .......... .......... .......... .......... 81% 3.32M 0s
  1200K .......... .......... .......... .......... .......... 84% 1.90M 0s
  1250K .......... .......... .......... .......... .......... 88% 6.83M 0s
  1300K .......... .......... .......... .......... .......... 91% 5.96M 0s
  1350K .......... .......... .......... .......... .......... 94% 2.30M 0s
  1400K .......... .......... .......... .......... .......... 98% 2.80M 0s
  1450K .......... .......... ....                            100% 4.05M=0.5s

2017-11-21 17:13:52 (3.08 MB/s) - ‘automake-1.15.1.tar.xz’ saved [1509496/1509496]

--2017-11-21 17:13:52--  http://ftp.gnu.org/gnu/bash/bash-4.4.tar.gz
Reusing existing connection to ftp.gnu.org:80.
HTTP request sent, awaiting response... 200 OK
Length: 9377313 (8.9M) [application/x-gzip]
Saving to: ‘bash-4.4.tar.gz’

     0K .......... .......... .......... .......... ..........  0% 3.74M 2s
    50K .......... .......... .......... .......... ..........  1% 5.59M 2s
   100K .......... .......... .......... .......... ..........  1% 16.1M 1s
   150K .......... .......... .......... .......... ..........  2% 8.00M 1s
   200K .......... .......... .......... .......... ..........  2% 1.34M 2s
   250K .......... .......... .......... .......... ..........  3% 2.88M 2s
   300K .......... .......... .......... .......... ..........  3% 3.35M 2s
   350K .......... .......... .......... .......... ..........  4% 9.27M 2s
   400K .......... .......... .......... .......... ..........  4% 3.94M 2s
   450K .......... .......... .......... .......... ..........  5% 4.17M 2s
   500K .......... .......... .......... .......... ..........  6% 2.06M 2s
   550K .......... .......... .......... .......... ..........  6% 3.67M 2s
   600K .......... .......... .......... .......... ..........  7% 6.30M 2s
   650K .......... .......... .......... .......... ..........  7% 12.6M 2s
   700K .......... .......... .......... .......... ..........  8% 3.10M 2s
   750K .......... .......... .......... .......... ..........  8% 1.74M 2s
   800K .......... .......... .......... .......... ..........  9% 7.19M 2s
   850K .......... .......... .......... .......... ..........  9% 8.07M 2s
   900K .......... .......... .......... .......... .......... 10% 4.31M 2s
   950K .......... .......... .......... .......... .......... 10% 2.53M 2s
  1000K .......... .......... .......... .......... .......... 11% 1.70M 2s
  1050K .......... .......... .......... .......... .......... 12% 19.4M 2s
  1100K .......... .......... .......... .......... .......... 12% 3.95M 2s
  1150K .......... .......... .......... .......... .......... 13% 9.80M 2s
  1200K .......... .......... .......... .......... .......... 13% 2.65M 2s
  1250K .......... .......... .......... .......... .......... 14% 1.23M 2s
  1300K .......... .......... .......... .......... .......... 14% 3.78M 2s
  1350K .......... .......... .......... .......... .......... 15% 3.64M 2s
  1400K .......... .......... .......... .......... .......... 15% 4.98M 2s
  1450K .......... .......... .......... .......... .......... 16% 3.41M 2s
  1500K .......... .......... .......... .......... .......... 16% 3.28M 2s
  1550K .......... .......... .......... .......... .......... 17% 2.67M 2s
  1600K .......... .......... .......... .......... .......... 18% 3.34M 2s
  1650K .......... .......... .......... .......... .......... 18% 17.3M 2s
  1700K .......... .......... .......... .......... .......... 19% 5.21M 2s
  1750K .......... .......... .......... .......... .......... 19% 1.77M 2s
  1800K .......... .......... .......... .......... .......... 20% 2.31M 2s
  1850K .......... .......... .......... .......... .......... 20% 8.38M 2s
  1900K .......... .......... .......... .......... .......... 21% 7.50M 2s
  1950K .......... .......... .......... .......... .......... 21% 9.00M 2s
  2000K .......... .......... .......... .......... .......... 22% 1.97M 2s
  2050K .......... .......... .......... .......... .......... 22% 4.14M 2s
  2100K .......... .......... .......... .......... .......... 23% 4.55M 2s
  2150K .......... .......... .......... .......... .......... 24% 1.87M 2s
  2200K .......... .......... .......... .......... .......... 24% 5.74M 2s
  2250K .......... .......... .......... .......... .......... 25% 5.01M 2s
  2300K .......... .......... .......... .......... .......... 25% 3.02M 2s
  2350K .......... .......... .......... .......... .......... 26% 2.19M 2s
  2400K .......... .......... .......... .......... .......... 26% 10.8M 2s
  2450K .......... .......... .......... .......... .......... 27% 2.54M 2s
  2500K .......... .......... .......... .......... .......... 27% 12.7M 2s
  2550K .......... .......... .......... .......... .......... 28% 4.17M 2s
  2600K .......... .......... .......... .......... .......... 28% 2.10M 2s
  2650K .......... .......... .......... .......... .......... 29% 1.38M 2s
  2700K .......... .......... .......... .......... .......... 30% 3.28M 2s
  2750K .......... .......... .......... .......... .......... 30% 6.36M 2s
  2800K .......... .......... .......... .......... .......... 31% 3.24M 2s
  2850K .......... .......... .......... .......... .......... 31% 6.24M 2s
  2900K .......... .......... .......... .......... .......... 32% 3.61M 2s
  2950K .......... .......... .......... .......... .......... 32% 1.85M 2s
  3000K .......... .......... .......... .......... .......... 33% 2.25M 2s
  3050K .......... .......... .......... .......... .......... 33% 7.74M 2s
  3100K .......... .......... .......... .......... .......... 34% 9.21M 2s
  3150K .......... .......... .......... .......... .......... 34% 4.76M 2s
  3200K .......... .......... .......... .......... .......... 35% 2.72M 2s
  3250K .......... .......... .......... .......... .......... 36% 2.36M 2s
  3300K .......... .......... .......... .......... .......... 36% 7.17M 2s
  3350K .......... .......... .......... .......... .......... 37% 5.34M 2s
  3400K .......... .......... .......... .......... .......... 37% 6.43M 2s
  3450K .......... .......... .......... .......... .......... 38% 3.39M 2s
  3500K .......... .......... .......... .......... .......... 38% 3.67M 2s
  3550K .......... .......... .......... .......... .......... 39% 3.57M 2s
  3600K .......... .......... .......... .......... .......... 39% 3.55M 2s
  3650K .......... .......... .......... .......... .......... 40% 4.48M 2s
  3700K .......... .......... .......... .......... .......... 40% 3.09M 2s
  3750K .......... .......... .......... .......... .......... 41% 7.18M 1s
  3800K .......... .......... .......... .......... .......... 42% 4.11M 1s
  3850K .......... .......... .......... .......... .......... 42% 1.76M 1s
  3900K .......... .......... .......... .......... .......... 43% 8.84M 1s
  3950K .......... .......... .......... .......... .......... 43% 4.85M 1s
  4000K .......... .......... .......... .......... .......... 44% 2.62M 1s
  4050K .......... .......... .......... .......... .......... 44% 11.7M 1s
  4100K .......... .......... .......... .......... .......... 45% 2.10M 1s
  4150K .......... .......... .......... .......... .......... 45% 4.43M 1s
  4200K .......... .......... .......... .......... .......... 46% 2.30M 1s
  4250K .......... .......... .......... .......... .......... 46% 4.18M 1s
  4300K .......... .......... .......... .......... .......... 47% 3.75M 1s
  4350K .......... .......... .......... .......... .......... 48% 13.3M 1s
  4400K .......... .......... .......... .......... .......... 48% 3.55M 1s
  4450K .......... .......... .......... .......... .......... 49% 2.36M 1s
  4500K .......... .......... .......... .......... .......... 49% 10.4M 1s
  4550K .......... .......... .......... .......... .......... 50% 4.94M 1s
  4600K .......... .......... .......... .......... .......... 50% 4.41M 1s
  4650K .......... .......... .......... .......... .......... 51% 3.74M 1s
  4700K .......... .......... .......... .......... .......... 51% 2.86M 1s
  4750K .......... .......... .......... .......... .......... 52% 2.82M 1s
  4800K .......... .......... .......... .......... .......... 52% 12.7M 1s
  4850K .......... .......... .......... .......... .......... 53% 4.90M 1s
  4900K .......... .......... .......... .......... .......... 54% 2.68M 1s
  4950K .......... .......... .......... .......... .......... 54% 6.72M 1s
  5000K .......... .......... .......... .......... .......... 55% 1.79M 1s
  5050K .......... .......... .......... .......... .......... 55% 3.73M 1s
  5100K .......... .......... .......... .......... .......... 56% 1.60M 1s
  5150K .......... .......... .......... .......... .......... 56% 10.6M 1s
  5200K .......... .......... .......... .......... .......... 57% 7.18M 1s
  5250K .......... .......... .......... .......... .......... 57% 1.93M 1s
  5300K .......... .......... .......... .......... .......... 58% 2.37M 1s
  5350K .......... .......... .......... .......... .......... 58% 5.13M 1s
  5400K .......... .......... .......... .......... .......... 59% 5.13M 1s
  5450K .......... .......... .......... .......... .......... 60% 3.43M 1s
  5500K .......... .......... .......... .......... .......... 60% 3.78M 1s
  5550K .......... .......... .......... .......... .......... 61% 3.16M 1s
  5600K .......... .......... .......... .......... .......... 61% 3.42M 1s
  5650K .......... .......... .......... .......... .......... 62% 3.72M 1s
  5700K .......... .......... .......... .......... .......... 62% 3.90M 1s
  5750K .......... .......... .......... .......... .......... 63% 3.36M 1s
  5800K .......... .......... .......... .......... .......... 63% 5.13M 1s
  5850K .......... .......... .......... .......... .......... 64% 2.75M 1s
  5900K .......... .......... .......... .......... .......... 64% 3.63M 1s
  5950K .......... .......... .......... .......... .......... 65% 5.05M 1s
  6000K .......... .......... .......... .......... .......... 66% 4.77M 1s
  6050K .......... .......... .......... .......... .......... 66% 4.64M 1s
  6100K .......... .......... .......... .......... .......... 67% 2.97M 1s
  6150K .......... .......... .......... .......... .......... 67% 5.72M 1s
  6200K .......... .......... .......... .......... .......... 68% 3.69M 1s
  6250K .......... .......... .......... .......... .......... 68% 4.59M 1s
  6300K .......... .......... .......... .......... .......... 69% 5.27M 1s
  6350K .......... .......... .......... .......... .......... 69% 2.84M 1s
  6400K .......... .......... .......... .......... .......... 70% 4.46M 1s
  6450K .......... .......... .......... .......... .......... 70% 6.32M 1s
  6500K .......... .......... .......... .......... .......... 71%  633K 1s
  6550K .......... .......... .......... .......... .......... 72% 5.03M 1s
  6600K .......... .......... .......... .......... .......... 72% 9.04M 1s
  6650K .......... .......... .......... .......... .......... 73% 5.23M 1s
  6700K .......... .......... .......... .......... .......... 73%  712K 1s
  6750K .......... .......... .......... .......... .......... 74% 7.35M 1s
  6800K .......... .......... .......... .......... .......... 74% 5.19M 1s
  6850K .......... .......... .......... .......... .......... 75% 4.94M 1s
  6900K .......... .......... .......... .......... .......... 75% 11.0M 1s
  6950K .......... .......... .......... .......... .......... 76%  913K 1s
  7000K .......... .......... .......... .......... .......... 76% 3.82M 1s
  7050K .......... .......... .......... .......... .......... 77% 4.25M 1s
  7100K .......... .......... .......... .......... .......... 78% 8.65M 1s
  7150K .......... .......... .......... .......... .......... 78% 5.70M 1s
  7200K .......... .......... .......... .......... .......... 79% 3.17M 1s
  7250K .......... .......... .......... .......... .......... 79% 4.31M 1s
  7300K .......... .......... .......... .......... .......... 80% 2.33M 1s
  7350K .......... .......... .......... .......... .......... 80% 4.74M 1s
  7400K .......... .......... .......... .......... .......... 81% 3.14M 0s
  7450K .......... .......... .......... .......... .......... 81% 5.58M 0s
  7500K .......... .......... .......... .......... .......... 82% 8.12M 0s
  7550K .......... .......... .......... .......... .......... 82%  744K 0s
  7600K .......... .......... .......... .......... .......... 83% 9.15M 0s
  7650K .......... .......... .......... .......... .......... 84% 4.97M 0s
  7700K .......... .......... .......... .......... .......... 84% 4.31M 0s
  7750K .......... .......... .......... .......... .......... 85% 4.74M 0s
  7800K .......... .......... .......... .......... .......... 85% 4.81M 0s
  7850K .......... .......... .......... .......... .......... 86% 2.32M 0s
  7900K .......... .......... .......... .......... .......... 86% 1.05M 0s
  7950K .......... .......... .......... .......... .......... 87% 3.52M 0s
  8000K .......... .......... .......... .......... .......... 87% 6.04M 0s
  8050K .......... .......... .......... .......... .......... 88% 12.1M 0s
  8100K .......... .......... .......... .......... .......... 88% 6.22M 0s
  8150K .......... .......... .......... .......... .......... 89%  731K 0s
  8200K .......... .......... .......... .......... .......... 90% 4.25M 0s
  8250K .......... .......... .......... .......... .......... 90% 6.84M 0s
  8300K .......... .......... .......... .......... .......... 91% 5.20M 0s
  8350K .......... .......... .......... .......... .......... 91%  603K 0s
  8400K .......... .......... .......... .......... .......... 92% 41.9M 0s
  8450K .......... .......... .......... .......... .......... 92% 51.8M 0s
  8500K .......... .......... .......... .......... .......... 93% 52.7M 0s
  8550K .......... .......... .......... .......... .......... 93% 54.9M 0s
  8600K .......... .......... .......... .......... .......... 94% 46.1M 0s
  8650K .......... .......... .......... .......... .......... 95% 7.19M 0s
  8700K .......... .......... .......... .......... .......... 95% 1.94M 0s
  8750K .......... .......... .......... .......... .......... 96% 1.24M 0s
  8800K .......... .......... .......... .......... .......... 96% 7.20M 0s
  8850K .......... .......... .......... .......... .......... 97% 3.23M 0s
  8900K .......... .......... .......... .......... .......... 97% 2.76M 0s
  8950K .......... .......... .......... .......... .......... 98% 2.36M 0s
  9000K .......... .......... .......... .......... .......... 98% 4.50M 0s
  9050K .......... .......... .......... .......... .......... 99% 1.47M 0s
  9100K .......... .......... .......... .......... .......... 99% 4.16M 0s
  9150K .......                                               100% 25.2M=2.7s

2017-11-21 17:13:55 (3.26 MB/s) - ‘bash-4.4.tar.gz’ saved [9377313/9377313]

--2017-11-21 17:13:55--  http://ftp.gnu.org/gnu/bc/bc-1.07.1.tar.gz
Reusing existing connection to ftp.gnu.org:80.
HTTP request sent, awaiting response... 200 OK
Length: 419850 (410K) [application/x-gzip]
Saving to: ‘bc-1.07.1.tar.gz’

     0K .......... .......... .......... .......... .......... 12% 3.79M 0s
    50K .......... .......... .......... .......... .......... 24% 8.04M 0s
   100K .......... .......... .......... .......... .......... 36% 8.76M 0s
   150K .......... .......... .......... .......... .......... 48%  793K 0s
   200K .......... .......... .......... .......... .......... 60% 3.84M 0s
   250K .......... .......... .......... .......... .......... 73% 3.33M 0s
   300K .......... .......... .......... .......... .......... 85% 3.51M 0s
   350K .......... .......... .......... .......... .......... 97% 3.69M 0s
   400K ..........                                            100% 27.3M=0.1s

2017-11-21 17:13:55 (2.81 MB/s) - ‘bc-1.07.1.tar.gz’ saved [419850/419850]

--2017-11-21 17:13:55--  http://ftp.gnu.org/gnu/binutils/binutils-2.29.tar.bz2
Reusing existing connection to ftp.gnu.org:80.
HTTP request sent, awaiting response... 200 OK
Length: 29073316 (28M) [application/x-bzip2]
Saving to: ‘binutils-2.29.tar.bz2’

     0K .......... .......... .......... .......... ..........  0% 14.2M 2s
    50K .......... .......... .......... .......... ..........  0% 4.34M 4s
   100K .......... .......... .......... .......... ..........  0% 6.74M 4s
   150K .......... .......... .......... .......... ..........  0%  311K 26s
   200K .......... .......... .......... .......... ..........  0% 58.5M 21s
   250K .......... .......... .......... .......... ..........  1% 75.3M 17s
   300K .......... .......... .......... .......... ..........  1% 78.2M 15s
   350K .......... .......... .......... .......... ..........  1% 2.83M 14s
   400K .......... .......... .......... .......... ..........  1% 13.1M 13s
   450K .......... .......... .......... .......... ..........  1% 2.04M 13s
   500K .......... .......... .......... .......... ..........  1% 1.58M 13s
   550K .......... .......... .......... .......... ..........  2% 2.13M 13s
   600K .......... .......... .......... .......... ..........  2% 2.55M 13s
   650K .......... .......... .......... .......... ..........  2% 1.75M 13s
   700K .......... .......... .......... .......... ..........  2% 3.12M 13s
   750K .......... .......... .......... .......... ..........  2%  599K 15s
   800K .......... .......... .......... .......... ..........  2% 10.7M 14s
   850K .......... .......... .......... .......... ..........  3% 4.29M 14s
   900K .......... .......... .......... .......... ..........  3% 1.09M 14s
   950K .......... .......... .......... .......... ..........  3% 3.63M 14s
  1000K .......... .......... .......... .......... ..........  3% 2.91M 14s
  1050K .......... .......... .......... .......... ..........  3% 1.73M 14s
  1100K .......... .......... .......... .......... ..........  4% 1.14M 14s
  1150K .......... .......... .......... .......... ..........  4% 5.14M 14s
  1200K .......... .......... .......... .......... ..........  4% 4.48M 13s
  1250K .......... .......... .......... .......... ..........  4%  978K 14s
  1300K .......... .......... .......... .......... ..........  4% 3.56M 14s
  1350K .......... .......... .......... .......... ..........  4% 2.61M 13s
  1400K .......... .......... .......... .......... ..........  5% 2.34M 13s
  1450K .......... .......... .......... .......... ..........  5% 2.17M 13s
  1500K .......... .......... .......... .......... ..........  5% 3.54M 13s
  1550K .......... .......... .......... .......... ..........  5%  343K 15s
  1600K .......... .......... .......... .......... ..........  5% 5.27M 15s
  1650K .......... .......... .......... .......... ..........  5%  178K 19s
  1700K .......... .......... .......... .......... ..........  6% 41.8M 18s
  1750K .......... .......... .......... .......... ..........  6% 56.0M 18s
  1800K .......... .......... .......... .......... ..........  6% 68.9M 17s
  1850K .......... .......... .......... .......... ..........  6%  348K 19s
  1900K .......... ......